<?xml version="1.0" encoding="UTF-8"?>
<!-- Generated by org.testng.reporters.JUnitXMLReporter -->
<testsuite hostname="h-ubun8" name="TestForGreenFieldWeb" tests="4" failures="0" timestamp="28 Jun 2020 18:09:51 GMT" time="160.205" errors="0">
  <testcase name="verifyLoginFail" time="14.212" classname="greenfield.test.Login"/>
  <testcase name="verifyLoginPass" time="9.095" classname="greenfield.test.Login"/>
  <testcase name="verifyHomeTitle" time="0.015" classname="greenfield.test.LocalizationTest"/>
  <testcase name="verifyMenuLabels" time="3.501" classname="greenfield.test.LocalizationTest"/>
</testsuite> <!-- TestForGreenFieldWeb -->
