<?xml version="1.0" encoding="UTF-8"?>
<!-- Generated by org.testng.reporters.JUnitXMLReporter -->
<testsuite hostname="h-ubun8" name="TestForGreenFieldWeb" tests="4" failures="0" timestamp="28 Jun 2020 18:27:50 GMT" time="9.426" errors="0">
  <testcase name="verifyLoginFail" time="3.649" classname="greenfield.test.Login"/>
  <testcase name="verifyLoginPass" time="1.179" classname="greenfield.test.Login"/>
  <testcase name="verifyHomeTitle" time="0.012" classname="greenfield.test.LocalizationTest"/>
  <testcase name="verifyMenuLabels" time="0.492" classname="greenfield.test.LocalizationTest"/>
</testsuite> <!-- TestForGreenFieldWeb -->
