<?xml version="1.0" encoding="UTF-8"?>
<testng-results skipped="0" failed="0" total="5" passed="5">
  <reporter-output>
  </reporter-output>
  <suite name="Suite" duration-ms="16997" started-at="2020-06-28T18:27:33Z" finished-at="2020-06-28T18:27:50Z">
    <groups>
    </groups>
    <test name="GeneralTest" duration-ms="7556" started-at="2020-06-28T18:27:33Z" finished-at="2020-06-28T18:27:40Z">
      <class name="com.test.MainTest">
        <test-method status="PASS" signature="launchBrowser()[pri:0, instance:com.test.MainTest@1b604f19]" name="launchBrowser" is-config="true" duration-ms="7297" started-at="2020-06-28T13:27:33Z" finished-at="2020-06-28T13:27:40Z">
          <reporter-output>
          </reporter-output>
        </test-method> <!-- launchBrowser -->
        <test-method status="PASS" signature="verifyHomeTitle()[pri:0, instance:com.test.MainTest@1b604f19]" name="verifyHomeTitle" duration-ms="17" started-at="2020-06-28T13:27:40Z" finished-at="2020-06-28T13:27:40Z">
          <reporter-output>
          </reporter-output>
        </test-method> <!-- verifyHomeTitle -->
        <test-method status="PASS" signature="closeBrowser()[pri:0, instance:com.test.MainTest@1b604f19]" name="closeBrowser" is-config="true" duration-ms="214" started-at="2020-06-28T13:27:40Z" finished-at="2020-06-28T13:27:40Z">
          <reporter-output>
          </reporter-output>
        </test-method> <!-- closeBrowser -->
      </class> <!-- com.test.MainTest -->
    </test> <!-- GeneralTest -->
    <test name="TestForGreenFieldWeb" duration-ms="9426" started-at="2020-06-28T18:27:40Z" finished-at="2020-06-28T18:27:50Z">
      <class name="greenfield.test.Login">
        <test-method status="PASS" signature="verifyLoginFail()[pri:0, instance:greenfield.test.Login@61832929]" name="verifyLoginFail" duration-ms="3649" started-at="2020-06-28T13:27:44Z" finished-at="2020-06-28T13:27:48Z">
          <reporter-output>
          </reporter-output>
        </test-method> <!-- verifyLoginFail -->
        <test-method status="PASS" signature="verifyLoginPass()[pri:0, instance:greenfield.test.Login@61832929]" name="verifyLoginPass" duration-ms="1179" started-at="2020-06-28T13:27:48Z" finished-at="2020-06-28T13:27:49Z">
          <reporter-output>
          </reporter-output>
        </test-method> <!-- verifyLoginPass -->
      </class> <!-- greenfield.test.Login -->
      <class name="greenfield.test.LocalizationTest">
        <test-method status="PASS" signature="launchBrowser()[pri:0, instance:greenfield.test.LocalizationTest@29774679]" name="launchBrowser" is-config="true" duration-ms="1708" started-at="2020-06-28T13:27:40Z" finished-at="2020-06-28T13:27:42Z">
          <reporter-output>
          </reporter-output>
        </test-method> <!-- launchBrowser -->
        <test-method status="PASS" signature="launchBrowser()[pri:0, instance:greenfield.test.Login@61832929]" name="launchBrowser" is-config="true" duration-ms="2140" started-at="2020-06-28T13:27:42Z" finished-at="2020-06-28T13:27:44Z">
          <reporter-output>
          </reporter-output>
        </test-method> <!-- launchBrowser -->
        <test-method status="PASS" signature="verifyHomeTitle()[pri:0, instance:greenfield.test.LocalizationTest@29774679]" name="verifyHomeTitle" duration-ms="12" started-at="2020-06-28T13:27:49Z" finished-at="2020-06-28T13:27:49Z">
          <reporter-output>
          </reporter-output>
        </test-method> <!-- verifyHomeTitle -->
        <test-method status="PASS" signature="verifyMenuLabels()[pri:0, instance:greenfield.test.LocalizationTest@29774679]" name="verifyMenuLabels" duration-ms="492" started-at="2020-06-28T13:27:49Z" finished-at="2020-06-28T13:27:50Z">
          <reporter-output>
          </reporter-output>
        </test-method> <!-- verifyMenuLabels -->
        <test-method status="PASS" signature="closeBrowser()[pri:0, instance:greenfield.test.LocalizationTest@29774679]" name="closeBrowser" is-config="true" duration-ms="92" started-at="2020-06-28T13:27:50Z" finished-at="2020-06-28T13:27:50Z">
          <reporter-output>
          </reporter-output>
        </test-method> <!-- closeBrowser -->
        <test-method status="PASS" signature="closeBrowser()[pri:0, instance:greenfield.test.Login@61832929]" name="closeBrowser" is-config="true" duration-ms="142" started-at="2020-06-28T13:27:50Z" finished-at="2020-06-28T13:27:50Z">
          <reporter-output>
          </reporter-output>
        </test-method> <!-- closeBrowser -->
      </class> <!-- greenfield.test.LocalizationTest -->
    </test> <!-- TestForGreenFieldWeb -->
  </suite> <!-- Suite -->
</testng-results>
